<?xml version="1.0" encoding="UTF-8"?>
<!-- Generated by org.testng.reporters.JUnitXMLReporter -->
<testsuite ignored="0" hostname="KANINI-LTP-406" failures="0" tests="4" name="sample" time="65.186" errors="0" timestamp="2024-03-17T23:05:34 IST">
  <testcase classname="com.selnium.practice.TestNGPracrtice.OrangeHRMLoginPage" name="testLoginWithValidCredentials" time="0.804"/>
  <testcase classname="com.selnium.practice.TestNGPracrtice.OrangeHRMLoginPage" name="verificationOfHomePage" time="1.85"/>
  <testcase classname="com.selnium.practice.TestNGPracrtice.OrangeHRMLoginInvalidCredentials" name="process" time="10.264"/>
  <testcase classname="com.selnium.practice.TestNGPracrtice.DemoWebShopLoginPage" name="demoWebShopTestLoginWithValidCredentials" time="1.6"/>
</testsuite> <!-- sample -->
