<?xml version="1.0" encoding="UTF-8"?>
<!-- Generated by org.testng.reporters.JUnitXMLReporter -->
<testsuite ignored="0" hostname="KANINI-LTP-406" failures="0" tests="4" name="sample" time="51.269" errors="0" timestamp="2024-03-17T16:50:18 IST">
  <testcase classname="com.selnium.practice.TestNGPracrtice.OrangeHRMLoginPage" name="testLoginWithValidCredentials" time="0.714"/>
  <testcase classname="com.selnium.practice.TestNGPracrtice.OrangeHRMLoginPage" name="verificationOfHomePage" time="2.161"/>
  <testcase classname="com.selnium.practice.TestNGPracrtice.OrangeHRMLoginInvalidCredentials" name="process" time="10.36"/>
  <testcase classname="com.selnium.practice.TestNGPracrtice.DemoWebShopLoginPage" name="demoWebShopTestLoginWithValidCredentials" time="1.8"/>
</testsuite> <!-- sample -->
