<?xml version="1.0" encoding="UTF-8"?>
<testng-results ignored="0" total="4" passed="4" failed="0" skipped="0">
  <reporter-output>
  </reporter-output>
  <suite started-at="2024-03-17T16:49:27 IST" name="All Test Suite" finished-at="2024-03-17T16:50:18 IST" duration-ms="51269">
    <groups>
    </groups>
    <test started-at="2024-03-17T16:49:27 IST" name="sample" finished-at="2024-03-17T16:50:18 IST" duration-ms="51269">
      <class name="com.selnium.practice.TestNGPracrtice.OrangeHRMLoginPage">
        <test-method is-config="true" signature="setUpLoginPage()[pri:0, instance:com.selnium.practice.TestNGPracrtice.OrangeHRMLoginPage@1df82230]" started-at="2024-03-17T16:49:27 IST" name="setUpLoginPage" finished-at="2024-03-17T16:49:42 IST" duration-ms="15446" status="PASS">
          <reporter-output>
          </reporter-output>
        </test-method> <!-- setUpLoginPage -->
        <test-method signature="testLoginWithValidCredentials()[pri:0, instance:com.selnium.practice.TestNGPracrtice.OrangeHRMLoginPage@1df82230]" started-at="2024-03-17T16:49:42 IST" name="testLoginWithValidCredentials" finished-at="2024-03-17T16:49:43 IST" duration-ms="714" status="PASS">
          <reporter-output>
          </reporter-output>
        </test-method> <!-- testLoginWithValidCredentials -->
        <test-method signature="verificationOfHomePage()[pri:0, instance:com.selnium.practice.TestNGPracrtice.OrangeHRMLoginPage@1df82230]" started-at="2024-03-17T16:49:43 IST" name="verificationOfHomePage" finished-at="2024-03-17T16:49:45 IST" duration-ms="2161" status="PASS">
          <reporter-output>
          </reporter-output>
        </test-method> <!-- verificationOfHomePage -->
        <test-method is-config="true" signature="tearDownLogout()[pri:0, instance:com.selnium.practice.TestNGPracrtice.OrangeHRMLoginPage@1df82230]" started-at="2024-03-17T16:49:45 IST" name="tearDownLogout" finished-at="2024-03-17T16:49:45 IST" duration-ms="166" status="PASS">
          <reporter-output>
          </reporter-output>
        </test-method> <!-- tearDownLogout -->
      </class> <!-- com.selnium.practice.TestNGPracrtice.OrangeHRMLoginPage -->
      <class name="com.selnium.practice.TestNGPracrtice.OrangeHRMLoginInvalidCredentials">
        <test-method is-config="true" signature="initializePreconditions()[pri:0, instance:com.selnium.practice.TestNGPracrtice.OrangeHRMLoginInvalidCredentials@70be0a2b]" started-at="2024-03-17T16:49:45 IST" name="initializePreconditions" finished-at="2024-03-17T16:49:55 IST" duration-ms="10193" status="PASS">
          <reporter-output>
          </reporter-output>
        </test-method> <!-- initializePreconditions -->
        <test-method signature="process()[pri:0, instance:com.selnium.practice.TestNGPracrtice.OrangeHRMLoginInvalidCredentials@70be0a2b]" started-at="2024-03-17T16:49:55 IST" name="process" finished-at="2024-03-17T16:50:06 IST" duration-ms="10360" status="PASS">
          <reporter-output>
          </reporter-output>
        </test-method> <!-- process -->
        <test-method is-config="true" signature="tearDown()[pri:0, instance:com.selnium.practice.TestNGPracrtice.OrangeHRMLoginInvalidCredentials@70be0a2b]" started-at="2024-03-17T16:50:06 IST" name="tearDown" finished-at="2024-03-17T16:50:06 IST" duration-ms="252" status="PASS">
          <reporter-output>
          </reporter-output>
        </test-method> <!-- tearDown -->
      </class> <!-- com.selnium.practice.TestNGPracrtice.OrangeHRMLoginInvalidCredentials -->
      <class name="com.selnium.practice.TestNGPracrtice.DemoWebShopLoginPage">
        <test-method is-config="true" signature="demoWebShopSetUpLogin()[pri:0, instance:com.selnium.practice.TestNGPracrtice.DemoWebShopLoginPage@2133814f]" started-at="2024-03-17T16:50:06 IST" name="demoWebShopSetUpLogin" finished-at="2024-03-17T16:50:16 IST" duration-ms="9941" status="PASS">
          <reporter-output>
          </reporter-output>
        </test-method> <!-- demoWebShopSetUpLogin -->
        <test-method signature="demoWebShopTestLoginWithValidCredentials()[pri:0, instance:com.selnium.practice.TestNGPracrtice.DemoWebShopLoginPage@2133814f]" started-at="2024-03-17T16:50:16 IST" name="demoWebShopTestLoginWithValidCredentials" finished-at="2024-03-17T16:50:18 IST" duration-ms="1800" status="PASS">
          <reporter-output>
          </reporter-output>
        </test-method> <!-- demoWebShopTestLoginWithValidCredentials -->
        <test-method is-config="true" signature="demoWebShopTearDown()[pri:0, instance:com.selnium.practice.TestNGPracrtice.DemoWebShopLoginPage@2133814f]" started-at="2024-03-17T16:50:18 IST" name="demoWebShopTearDown" finished-at="2024-03-17T16:50:18 IST" duration-ms="183" status="PASS">
          <reporter-output>
          </reporter-output>
        </test-method> <!-- demoWebShopTearDown -->
      </class> <!-- com.selnium.practice.TestNGPracrtice.DemoWebShopLoginPage -->
    </test> <!-- sample -->
  </suite> <!-- All Test Suite -->
</testng-results>
